This file contains any messages produced by compilers while
running configure, to aid debugging if configure makes a mistake.

It was created by configure, which was
generated by GNU Autoconf 2.59.  Invocation command line was

  $ ./configure 

## --------- ##
## Platform. ##
## --------- ##

hostname = VM-8-14-centos
uname -m = x86_64
uname -r = 3.10.0-1160.88.1.el7.x86_64
uname -s = Linux
uname -v = #1 SMP Tue Mar 7 15:41:52 UTC 2023

/usr/bin/uname -p = x86_64
/bin/uname -X     = unknown

/bin/arch              = x86_64
/usr/bin/arch -k       = unknown
/usr/convex/getsysinfo = unknown
hostinfo               = unknown
/bin/machine           = unknown
/usr/bin/oslevel       = unknown
/bin/universe          = unknown

PATH: /usr/local/sbin
PATH: /usr/local/bin
PATH: /usr/sbin
PATH: /usr/bin
PATH: /root/bin


## ----------- ##
## Core tests. ##
## ----------- ##

configure:1579: checking for a BSD-compatible install
configure:1634: result: /usr/bin/install -c
configure:1645: checking whether build environment is sane
configure:1688: result: yes
configure:1753: checking for gawk
configure:1769: found /usr/bin/gawk
configure:1779: result: gawk
configure:1789: checking whether make sets $(MAKE)
configure:1809: result: yes
configure:1987: checking build system type
configure:2005: result: x86_64-unknown-linux-gnu
configure:2013: checking host system type
configure:2027: result: x86_64-unknown-linux-gnu
configure:2243: checking for style of include used by make
configure:2271: result: GNU
configure:2342: checking for gcc
configure:2358: found /usr/bin/gcc
configure:2368: result: gcc
configure:2612: checking for C compiler version
configure:2615: gcc --version </dev/null >&5
gcc (GCC) 4.8.5 20150623 (Red Hat 4.8.5-44)
Copyright (C) 2015 Free Software Foundation, Inc.
This is free software; see the source for copying conditions.  There is NO
warranty; not even for MERCHANTABILITY or FITNESS FOR A PARTICULAR PURPOSE.

configure:2618: $? = 0
configure:2620: gcc -v </dev/null >&5
Using built-in specs.
COLLECT_GCC=gcc
COLLECT_LTO_WRAPPER=/usr/libexec/gcc/x86_64-redhat-linux/4.8.5/lto-wrapper
Target: x86_64-redhat-linux
Configured with: ../configure --prefix=/usr --mandir=/usr/share/man --infodir=/usr/share/info --with-bugurl=http://bugzilla.redhat.com/bugzilla --enable-bootstrap --enable-shared --enable-threads=posix --enable-checking=release --with-system-zlib --enable-__cxa_atexit --disable-libunwind-exceptions --enable-gnu-unique-object --enable-linker-build-id --with-linker-hash-style=gnu --enable-languages=c,c++,objc,obj-c++,java,fortran,ada,go,lto --enable-plugin --enable-initfini-array --disable-libgcj --with-isl=/builddir/build/BUILD/gcc-4.8.5-20150702/obj-x86_64-redhat-linux/isl-install --with-cloog=/builddir/build/BUILD/gcc-4.8.5-20150702/obj-x86_64-redhat-linux/cloog-install --enable-gnu-indirect-function --with-tune=generic --with-arch_32=x86-64 --build=x86_64-redhat-linux
Thread model: posix
gcc version 4.8.5 20150623 (Red Hat 4.8.5-44) (GCC) 
configure:2623: $? = 0
configure:2625: gcc -V </dev/null >&5
gcc: error: unrecognized command line option '-V'
gcc: fatal error: no input files
compilation terminated.
configure:2628: $? = 4
configure:2651: checking for C compiler default output file name
configure:2654: gcc  -D_REENTRANT   conftest.c  >&5
configure:2657: $? = 0
configure:2703: result: a.out
configure:2708: checking whether the C compiler works
configure:2714: ./a.out
configure:2717: $? = 0
configure:2734: result: yes
configure:2741: checking whether we are cross compiling
configure:2743: result: no
configure:2746: checking for suffix of executables
configure:2748: gcc -o conftest  -D_REENTRANT   conftest.c  >&5
configure:2751: $? = 0
configure:2776: result: 
configure:2782: checking for suffix of object files
configure:2803: gcc -c  -D_REENTRANT  conftest.c >&5
configure:2806: $? = 0
configure:2828: result: o
configure:2832: checking whether we are using the GNU C compiler
configure:2856: gcc -c  -D_REENTRANT  conftest.c >&5
configure:2862: $? = 0
configure:2866: test -z 
			 || test ! -s conftest.err
configure:2869: $? = 0
configure:2872: test -s conftest.o
configure:2875: $? = 0
configure:2888: result: yes
configure:2894: checking whether gcc accepts -g
configure:2915: gcc -c -g  conftest.c >&5
configure:2921: $? = 0
configure:2925: test -z 
			 || test ! -s conftest.err
configure:2928: $? = 0
configure:2931: test -s conftest.o
configure:2934: $? = 0
configure:2945: result: yes
configure:2962: checking for gcc option to accept ANSI C
configure:3032: gcc  -c  -D_REENTRANT  conftest.c >&5
configure:3038: $? = 0
configure:3042: test -z 
			 || test ! -s conftest.err
configure:3045: $? = 0
configure:3048: test -s conftest.o
configure:3051: $? = 0
configure:3069: result: none needed
configure:3087: gcc -c  -D_REENTRANT  conftest.c >&5
conftest.c:2:3: error: unknown type name 'choke'
   choke me
   ^
conftest.c:2:3: error: expected '=', ',', ';', 'asm' or '__attribute__' at end of input
configure:3093: $? = 1
configure: failed program was:
| #ifndef __cplusplus
|   choke me
| #endif
configure:3228: checking dependency style of gcc
configure:3318: result: gcc3
configure:3336: checking for library containing strerror
configure:3366: gcc -o conftest  -D_REENTRANT   conftest.c  >&5
configure:3372: $? = 0
configure:3376: test -z 
			 || test ! -s conftest.err
configure:3379: $? = 0
configure:3382: test -s conftest
configure:3385: $? = 0
configure:3455: result: none required
configure:3508: checking for gcc
configure:3534: result: gcc
configure:3778: checking for C compiler version
configure:3781: gcc --version </dev/null >&5
gcc (GCC) 4.8.5 20150623 (Red Hat 4.8.5-44)
Copyright (C) 2015 Free Software Foundation, Inc.
This is free software; see the source for copying conditions.  There is NO
warranty; not even for MERCHANTABILITY or FITNESS FOR A PARTICULAR PURPOSE.

configure:3784: $? = 0
configure:3786: gcc -v </dev/null >&5
Using built-in specs.
COLLECT_GCC=gcc
COLLECT_LTO_WRAPPER=/usr/libexec/gcc/x86_64-redhat-linux/4.8.5/lto-wrapper
Target: x86_64-redhat-linux
Configured with: ../configure --prefix=/usr --mandir=/usr/share/man --infodir=/usr/share/info --with-bugurl=http://bugzilla.redhat.com/bugzilla --enable-bootstrap --enable-shared --enable-threads=posix --enable-checking=release --with-system-zlib --enable-__cxa_atexit --disable-libunwind-exceptions --enable-gnu-unique-object --enable-linker-build-id --with-linker-hash-style=gnu --enable-languages=c,c++,objc,obj-c++,java,fortran,ada,go,lto --enable-plugin --enable-initfini-array --disable-libgcj --with-isl=/builddir/build/BUILD/gcc-4.8.5-20150702/obj-x86_64-redhat-linux/isl-install --with-cloog=/builddir/build/BUILD/gcc-4.8.5-20150702/obj-x86_64-redhat-linux/cloog-install --enable-gnu-indirect-function --with-tune=generic --with-arch_32=x86-64 --build=x86_64-redhat-linux
Thread model: posix
gcc version 4.8.5 20150623 (Red Hat 4.8.5-44) (GCC) 
configure:3789: $? = 0
configure:3791: gcc -V </dev/null >&5
gcc: error: unrecognized command line option '-V'
gcc: fatal error: no input files
compilation terminated.
configure:3794: $? = 4
configure:3797: checking whether we are using the GNU C compiler
configure:3853: result: yes
configure:3859: checking whether gcc accepts -g
configure:3910: result: yes
configure:3927: checking for gcc option to accept ANSI C
configure:4034: result: none needed
configure:4052: gcc -c  -D_REENTRANT  conftest.c >&5
conftest.c:2:3: error: unknown type name 'choke'
   choke me
   ^
conftest.c:2:3: error: expected '=', ',', ';', 'asm' or '__attribute__' at end of input
configure:4058: $? = 1
configure: failed program was:
| #ifndef __cplusplus
|   choke me
| #endif
configure:4193: checking dependency style of gcc
configure:4283: result: gcc3
configure:4305: checking how to run the C preprocessor
configure:4340: gcc -E  conftest.c
configure:4346: $? = 0
configure:4378: gcc -E  conftest.c
conftest.c:14:28: fatal error: ac_nonexistent.h: No such file or directory
 #include <ac_nonexistent.h>
                            ^
compilation terminated.
configure:4384: $? = 1
configure: failed program was:
| /* confdefs.h.  */
| 
| #define PACKAGE_NAME ""
| #define PACKAGE_TARNAME ""
| #define PACKAGE_VERSION ""
| #define PACKAGE_STRING ""
| #define PACKAGE_BUGREPORT ""
| #define PACKAGE "parted"
| #define VERSION "1.6.25.1"
| #define ENABLE_FS 1
| #define DEBUG 1
| #define ENABLE_PC98 1
| /* end confdefs.h.  */
| #include <ac_nonexistent.h>
configure:4423: result: gcc -E
configure:4447: gcc -E  conftest.c
configure:4453: $? = 0
configure:4485: gcc -E  conftest.c
conftest.c:14:28: fatal error: ac_nonexistent.h: No such file or directory
 #include <ac_nonexistent.h>
                            ^
compilation terminated.
configure:4491: $? = 1
configure: failed program was:
| /* confdefs.h.  */
| 
| #define PACKAGE_NAME ""
| #define PACKAGE_TARNAME ""
| #define PACKAGE_VERSION ""
| #define PACKAGE_STRING ""
| #define PACKAGE_BUGREPORT ""
| #define PACKAGE "parted"
| #define VERSION "1.6.25.1"
| #define ENABLE_FS 1
| #define DEBUG 1
| #define ENABLE_PC98 1
| /* end confdefs.h.  */
| #include <ac_nonexistent.h>
configure:4535: checking for egrep
configure:4545: result: grep -E
configure:4551: checking whether gcc needs -traditional
configure:4593: result: no
configure:4608: checking for special C compiler options needed for large files
configure:4707: result: no
configure:4713: checking for _FILE_OFFSET_BITS value needed for large files
configure:4744: gcc -c  -D_REENTRANT  conftest.c >&5
configure:4750: $? = 0
configure:4754: test -z 
			 || test ! -s conftest.err
configure:4757: $? = 0
configure:4760: test -s conftest.o
configure:4763: $? = 0
configure:4828: result: no
configure:4838: checking for _LARGE_FILES value needed for large files
configure:4869: gcc -c  -D_REENTRANT  conftest.c >&5
configure:4875: $? = 0
configure:4879: test -z 
			 || test ! -s conftest.err
configure:4882: $? = 0
configure:4885: test -s conftest.o
configure:4888: $? = 0
configure:4953: result: no
configure:4967: checking for off_t
configure:4996: gcc -c  -D_REENTRANT -D_FILE_OFFSET_BITS=no  conftest.c >&5
configure:5002: $? = 0
configure:5006: test -z 
			 || test ! -s conftest.err
configure:5009: $? = 0
configure:5012: test -s conftest.o
configure:5015: $? = 0
configure:5026: result: yes
configure:5029: checking size of off_t
configure:5378: gcc -o conftest  -D_REENTRANT -D_FILE_OFFSET_BITS=no   conftest.c  >&5
configure:5381: $? = 0
configure:5383: ./conftest
configure:5386: $? = 0
configure:5409: result: 8
configure:5518: checking for a sed that does not truncate output
configure:5572: result: /usr/bin/sed
configure:5586: checking for ld used by gcc
configure:5653: result: /usr/bin/ld
configure:5662: checking if the linker (/usr/bin/ld) is GNU ld
configure:5677: result: yes
configure:5682: checking for /usr/bin/ld option to reload object files
configure:5689: result: -r
configure:5707: checking for BSD-compatible nm
configure:5749: result: /usr/bin/nm -B
configure:5753: checking whether ln -s works
configure:5757: result: yes
configure:5764: checking how to recognise dependent libraries
configure:5936: result: pass_all
configure:6020: gcc -c  -D_REENTRANT -D_FILE_OFFSET_BITS=no  conftest.c >&5
configure:6023: $? = 0
configure:6144: checking for ANSI C header files
configure:6169: gcc -c  -D_REENTRANT -D_FILE_OFFSET_BITS=no  conftest.c >&5
configure:6175: $? = 0
configure:6179: test -z 
			 || test ! -s conftest.err
configure:6182: $? = 0
configure:6185: test -s conftest.o
configure:6188: $? = 0
configure:6277: gcc -o conftest  -D_REENTRANT -D_FILE_OFFSET_BITS=no   conftest.c  >&5
conftest.c: In function 'main':
conftest.c:32:7: warning: incompatible implicit declaration of built-in function 'exit' [enabled by default]
       exit(2);
       ^
configure:6280: $? = 0
configure:6282: ./conftest
configure:6285: $? = 0
configure:6300: result: yes
configure:6324: checking for sys/types.h
configure:6340: gcc -c  -D_REENTRANT -D_FILE_OFFSET_BITS=no  conftest.c >&5
configure:6346: $? = 0
configure:6350: test -z 
			 || test ! -s conftest.err
configure:6353: $? = 0
configure:6356: test -s conftest.o
configure:6359: $? = 0
configure:6370: result: yes
configure:6324: checking for sys/stat.h
configure:6340: gcc -c  -D_REENTRANT -D_FILE_OFFSET_BITS=no  conftest.c >&5
configure:6346: $? = 0
configure:6350: test -z 
			 || test ! -s conftest.err
configure:6353: $? = 0
configure:6356: test -s conftest.o
configure:6359: $? = 0
configure:6370: result: yes
configure:6324: checking for stdlib.h
configure:6340: gcc -c  -D_REENTRANT -D_FILE_OFFSET_BITS=no  conftest.c >&5
configure:6346: $? = 0
configure:6350: test -z 
			 || test ! -s conftest.err
configure:6353: $? = 0
configure:6356: test -s conftest.o
configure:6359: $? = 0
configure:6370: result: yes
configure:6324: checking for string.h
configure:6340: gcc -c  -D_REENTRANT -D_FILE_OFFSET_BITS=no  conftest.c >&5
configure:6346: $? = 0
configure:6350: test -z 
			 || test ! -s conftest.err
configure:6353: $? = 0
configure:6356: test -s conftest.o
configure:6359: $? = 0
configure:6370: result: yes
configure:6324: checking for memory.h
configure:6340: gcc -c  -D_REENTRANT -D_FILE_OFFSET_BITS=no  conftest.c >&5
configure:6346: $? = 0
configure:6350: test -z 
			 || test ! -s conftest.err
configure:6353: $? = 0
configure:6356: test -s conftest.o
configure:6359: $? = 0
configure:6370: result: yes
configure:6324: checking for strings.h
configure:6340: gcc -c  -D_REENTRANT -D_FILE_OFFSET_BITS=no  conftest.c >&5
configure:6346: $? = 0
configure:6350: test -z 
			 || test ! -s conftest.err
configure:6353: $? = 0
configure:6356: test -s conftest.o
configure:6359: $? = 0
configure:6370: result: yes
configure:6324: checking for inttypes.h
configure:6340: gcc -c  -D_REENTRANT -D_FILE_OFFSET_BITS=no  conftest.c >&5
configure:6346: $? = 0
configure:6350: test -z 
			 || test ! -s conftest.err
configure:6353: $? = 0
configure:6356: test -s conftest.o
configure:6359: $? = 0
configure:6370: result: yes
configure:6324: checking for stdint.h
configure:6340: gcc -c  -D_REENTRANT -D_FILE_OFFSET_BITS=no  conftest.c >&5
configure:6346: $? = 0
configure:6350: test -z 
			 || test ! -s conftest.err
configure:6353: $? = 0
configure:6356: test -s conftest.o
configure:6359: $? = 0
configure:6370: result: yes
configure:6324: checking for unistd.h
configure:6340: gcc -c  -D_REENTRANT -D_FILE_OFFSET_BITS=no  conftest.c >&5
configure:6346: $? = 0
configure:6350: test -z 
			 || test ! -s conftest.err
configure:6353: $? = 0
configure:6356: test -s conftest.o
configure:6359: $? = 0
configure:6370: result: yes
configure:6396: checking dlfcn.h usability
configure:6408: gcc -c  -D_REENTRANT -D_FILE_OFFSET_BITS=no  conftest.c >&5
configure:6414: $? = 0
configure:6418: test -z 
			 || test ! -s conftest.err
configure:6421: $? = 0
configure:6424: test -s conftest.o
configure:6427: $? = 0
configure:6437: result: yes
configure:6441: checking dlfcn.h presence
configure:6451: gcc -E  conftest.c
configure:6457: $? = 0
configure:6477: result: yes
configure:6512: checking for dlfcn.h
configure:6519: result: yes
configure:6584: checking for g++
configure:6600: found /usr/bin/g++
configure:6610: result: g++
configure:6626: checking for C++ compiler version
configure:6629: g++ --version </dev/null >&5
g++ (GCC) 4.8.5 20150623 (Red Hat 4.8.5-44)
Copyright (C) 2015 Free Software Foundation, Inc.
This is free software; see the source for copying conditions.  There is NO
warranty; not even for MERCHANTABILITY or FITNESS FOR A PARTICULAR PURPOSE.

configure:6632: $? = 0
configure:6634: g++ -v </dev/null >&5
Using built-in specs.
COLLECT_GCC=g++
COLLECT_LTO_WRAPPER=/usr/libexec/gcc/x86_64-redhat-linux/4.8.5/lto-wrapper
Target: x86_64-redhat-linux
Configured with: ../configure --prefix=/usr --mandir=/usr/share/man --infodir=/usr/share/info --with-bugurl=http://bugzilla.redhat.com/bugzilla --enable-bootstrap --enable-shared --enable-threads=posix --enable-checking=release --with-system-zlib --enable-__cxa_atexit --disable-libunwind-exceptions --enable-gnu-unique-object --enable-linker-build-id --with-linker-hash-style=gnu --enable-languages=c,c++,objc,obj-c++,java,fortran,ada,go,lto --enable-plugin --enable-initfini-array --disable-libgcj --with-isl=/builddir/build/BUILD/gcc-4.8.5-20150702/obj-x86_64-redhat-linux/isl-install --with-cloog=/builddir/build/BUILD/gcc-4.8.5-20150702/obj-x86_64-redhat-linux/cloog-install --enable-gnu-indirect-function --with-tune=generic --with-arch_32=x86-64 --build=x86_64-redhat-linux
Thread model: posix
gcc version 4.8.5 20150623 (Red Hat 4.8.5-44) (GCC) 
configure:6637: $? = 0
configure:6639: g++ -V </dev/null >&5
g++: error: unrecognized command line option '-V'
g++: fatal error: no input files
compilation terminated.
configure:6642: $? = 4
configure:6645: checking whether we are using the GNU C++ compiler
configure:6669: g++ -c   conftest.cc >&5
configure:6675: $? = 0
configure:6679: test -z 
			 || test ! -s conftest.err
configure:6682: $? = 0
configure:6685: test -s conftest.o
configure:6688: $? = 0
configure:6701: result: yes
configure:6707: checking whether g++ accepts -g
configure:6728: g++ -c -g  conftest.cc >&5
configure:6734: $? = 0
configure:6738: test -z 
			 || test ! -s conftest.err
configure:6741: $? = 0
configure:6744: test -s conftest.o
configure:6747: $? = 0
configure:6758: result: yes
configure:6800: g++ -c -g -O2  conftest.cc >&5
configure:6806: $? = 0
configure:6810: test -z 
			 || test ! -s conftest.err
configure:6813: $? = 0
configure:6816: test -s conftest.o
configure:6819: $? = 0
configure:6845: g++ -c -g -O2  conftest.cc >&5
conftest.cc: In function 'int main()':
conftest.cc:30:9: error: 'exit' was not declared in this scope
 exit (42);
         ^
configure:6851: $? = 1
configure: failed program was:
| /* confdefs.h.  */
| 
| #define PACKAGE_NAME ""
| #define PACKAGE_TARNAME ""
| #define PACKAGE_VERSION ""
| #define PACKAGE_STRING ""
| #define PACKAGE_BUGREPORT ""
| #define PACKAGE "parted"
| #define VERSION "1.6.25.1"
| #define ENABLE_FS 1
| #define DEBUG 1
| #define ENABLE_PC98 1
| #define SIZEOF_OFF_T 8
| #define STDC_HEADERS 1
| #define HAVE_SYS_TYPES_H 1
| #define HAVE_SYS_STAT_H 1
| #define HAVE_STDLIB_H 1
| #define HAVE_STRING_H 1
| #define HAVE_MEMORY_H 1
| #define HAVE_STRINGS_H 1
| #define HAVE_INTTYPES_H 1
| #define HAVE_STDINT_H 1
| #define HAVE_UNISTD_H 1
| #define HAVE_DLFCN_H 1
| /* end confdefs.h.  */
| 
| int
| main ()
| {
| exit (42);
|   ;
|   return 0;
| }
configure:6800: g++ -c -g -O2  conftest.cc >&5
conftest.cc:26:40: error: 'void std::exit(int)' should have been declared inside 'std'
 extern "C" void std::exit (int) throw (); using std::exit;
                                        ^
configure:6806: $? = 1
configure: failed program was:
| /* confdefs.h.  */
| 
| #define PACKAGE_NAME ""
| #define PACKAGE_TARNAME ""
| #define PACKAGE_VERSION ""
| #define PACKAGE_STRING ""
| #define PACKAGE_BUGREPORT ""
| #define PACKAGE "parted"
| #define VERSION "1.6.25.1"
| #define ENABLE_FS 1
| #define DEBUG 1
| #define ENABLE_PC98 1
| #define SIZEOF_OFF_T 8
| #define STDC_HEADERS 1
| #define HAVE_SYS_TYPES_H 1
| #define HAVE_SYS_STAT_H 1
| #define HAVE_STDLIB_H 1
| #define HAVE_STRING_H 1
| #define HAVE_MEMORY_H 1
| #define HAVE_STRINGS_H 1
| #define HAVE_INTTYPES_H 1
| #define HAVE_STDINT_H 1
| #define HAVE_UNISTD_H 1
| #define HAVE_DLFCN_H 1
| /* end confdefs.h.  */
| extern "C" void std::exit (int) throw (); using std::exit;
| #include <stdlib.h>
| int
| main ()
| {
| exit (42);
|   ;
|   return 0;
| }
configure:6800: g++ -c -g -O2  conftest.cc >&5
conftest.cc:26:31: error: 'void std::exit(int)' should have been declared inside 'std'
 extern "C" void std::exit (int); using std::exit;
                               ^
In file included from conftest.cc:27:0:
/usr/include/stdlib.h:542:70: error: declaration of 'void std::exit(int) throw ()' has a different exception specifier
 extern void exit (int __status) __THROW __attribute__ ((__noreturn__));
                                                                      ^
conftest.cc:26:17: error: from previous declaration 'void std::exit(int)'
 extern "C" void std::exit (int); using std::exit;
                 ^
configure:6806: $? = 1
configure: failed program was:
| /* confdefs.h.  */
| 
| #define PACKAGE_NAME ""
| #define PACKAGE_TARNAME ""
| #define PACKAGE_VERSION ""
| #define PACKAGE_STRING ""
| #define PACKAGE_BUGREPORT ""
| #define PACKAGE "parted"
| #define VERSION "1.6.25.1"
| #define ENABLE_FS 1
| #define DEBUG 1
| #define ENABLE_PC98 1
| #define SIZEOF_OFF_T 8
| #define STDC_HEADERS 1
| #define HAVE_SYS_TYPES_H 1
| #define HAVE_SYS_STAT_H 1
| #define HAVE_STDLIB_H 1
| #define HAVE_STRING_H 1
| #define HAVE_MEMORY_H 1
| #define HAVE_STRINGS_H 1
| #define HAVE_INTTYPES_H 1
| #define HAVE_STDINT_H 1
| #define HAVE_UNISTD_H 1
| #define HAVE_DLFCN_H 1
| /* end confdefs.h.  */
| extern "C" void std::exit (int); using std::exit;
| #include <stdlib.h>
| int
| main ()
| {
| exit (42);
|   ;
|   return 0;
| }
configure:6800: g++ -c -g -O2  conftest.cc >&5
configure:6806: $? = 0
configure:6810: test -z 
			 || test ! -s conftest.err
configure:6813: $? = 0
configure:6816: test -s conftest.o
configure:6819: $? = 0
configure:6845: g++ -c -g -O2  conftest.cc >&5
configure:6851: $? = 0
configure:6855: test -z 
			 || test ! -s conftest.err
configure:6858: $? = 0
configure:6861: test -s conftest.o
configure:6864: $? = 0
configure:6889: checking dependency style of g++
configure:6979: result: gcc3
configure:7006: checking how to run the C++ preprocessor
configure:7037: g++ -E  conftest.cc
configure:7043: $? = 0
configure:7075: g++ -E  conftest.cc
conftest.cc:29:28: fatal error: ac_nonexistent.h: No such file or directory
 #include <ac_nonexistent.h>
                            ^
compilation terminated.
configure:7081: $? = 1
configure: failed program was:
| /* confdefs.h.  */
| 
| #define PACKAGE_NAME ""
| #define PACKAGE_TARNAME ""
| #define PACKAGE_VERSION ""
| #define PACKAGE_STRING ""
| #define PACKAGE_BUGREPORT ""
| #define PACKAGE "parted"
| #define VERSION "1.6.25.1"
| #define ENABLE_FS 1
| #define DEBUG 1
| #define ENABLE_PC98 1
| #define SIZEOF_OFF_T 8
| #define STDC_HEADERS 1
| #define HAVE_SYS_TYPES_H 1
| #define HAVE_SYS_STAT_H 1
| #define HAVE_STDLIB_H 1
| #define HAVE_STRING_H 1
| #define HAVE_MEMORY_H 1
| #define HAVE_STRINGS_H 1
| #define HAVE_INTTYPES_H 1
| #define HAVE_STDINT_H 1
| #define HAVE_UNISTD_H 1
| #define HAVE_DLFCN_H 1
| #ifdef __cplusplus
| extern "C" void exit (int) throw ();
| #endif
| /* end confdefs.h.  */
| #include <ac_nonexistent.h>
configure:7120: result: g++ -E
configure:7144: g++ -E  conftest.cc
configure:7150: $? = 0
configure:7182: g++ -E  conftest.cc
conftest.cc:29:28: fatal error: ac_nonexistent.h: No such file or directory
 #include <ac_nonexistent.h>
                            ^
compilation terminated.
configure:7188: $? = 1
configure: failed program was:
| /* confdefs.h.  */
| 
| #define PACKAGE_NAME ""
| #define PACKAGE_TARNAME ""
| #define PACKAGE_VERSION ""
| #define PACKAGE_STRING ""
| #define PACKAGE_BUGREPORT ""
| #define PACKAGE "parted"
| #define VERSION "1.6.25.1"
| #define ENABLE_FS 1
| #define DEBUG 1
| #define ENABLE_PC98 1
| #define SIZEOF_OFF_T 8
| #define STDC_HEADERS 1
| #define HAVE_SYS_TYPES_H 1
| #define HAVE_SYS_STAT_H 1
| #define HAVE_STDLIB_H 1
| #define HAVE_STRING_H 1
| #define HAVE_MEMORY_H 1
| #define HAVE_STRINGS_H 1
| #define HAVE_INTTYPES_H 1
| #define HAVE_STDINT_H 1
| #define HAVE_UNISTD_H 1
| #define HAVE_DLFCN_H 1
| #ifdef __cplusplus
| extern "C" void exit (int) throw ();
| #endif
| /* end confdefs.h.  */
| #include <ac_nonexistent.h>
configure:7285: checking for g77
configure:7314: result: no
configure:7285: checking for f77
configure:7314: result: no
configure:7285: checking for xlf
configure:7314: result: no
configure:7285: checking for frt
configure:7314: result: no
configure:7285: checking for pgf77
configure:7314: result: no
configure:7285: checking for fort77
configure:7314: result: no
configure:7285: checking for fl32
configure:7314: result: no
configure:7285: checking for af77
configure:7314: result: no
configure:7285: checking for f90
configure:7314: result: no
configure:7285: checking for xlf90
configure:7314: result: no
configure:7285: checking for pgf90
configure:7314: result: no
configure:7285: checking for epcf90
configure:7314: result: no
configure:7285: checking for f95
configure:7301: found /usr/bin/f95
configure:7311: result: f95
configure:7326: checking for Fortran 77 compiler version
configure:7329: f95 --version </dev/null >&5
GNU Fortran (GCC) 4.8.5 20150623 (Red Hat 4.8.5-44)
Copyright (C) 2015 Free Software Foundation, Inc.

GNU Fortran comes with NO WARRANTY, to the extent permitted by law.
You may redistribute copies of GNU Fortran
under the terms of the GNU General Public License.
For more information about these matters, see the file named COPYING

configure:7332: $? = 0
configure:7334: f95 -v </dev/null >&5
Using built-in specs.
COLLECT_GCC=f95
COLLECT_LTO_WRAPPER=/usr/libexec/gcc/x86_64-redhat-linux/4.8.5/lto-wrapper
Target: x86_64-redhat-linux
Configured with: ../configure --prefix=/usr --mandir=/usr/share/man --infodir=/usr/share/info --with-bugurl=http://bugzilla.redhat.com/bugzilla --enable-bootstrap --enable-shared --enable-threads=posix --enable-checking=release --with-system-zlib --enable-__cxa_atexit --disable-libunwind-exceptions --enable-gnu-unique-object --enable-linker-build-id --with-linker-hash-style=gnu --enable-languages=c,c++,objc,obj-c++,java,fortran,ada,go,lto --enable-plugin --enable-initfini-array --disable-libgcj --with-isl=/builddir/build/BUILD/gcc-4.8.5-20150702/obj-x86_64-redhat-linux/isl-install --with-cloog=/builddir/build/BUILD/gcc-4.8.5-20150702/obj-x86_64-redhat-linux/cloog-install --enable-gnu-indirect-function --with-tune=generic --with-arch_32=x86-64 --build=x86_64-redhat-linux
Thread model: posix
gcc version 4.8.5 20150623 (Red Hat 4.8.5-44) (GCC) 
configure:7337: $? = 0
configure:7339: f95 -V </dev/null >&5
f95: error: unrecognized command line option '-V'
f95: fatal error: no input files
compilation terminated.
configure:7342: $? = 4
configure:7350: checking whether we are using the GNU Fortran 77 compiler
configure:7364: f95 -c  conftest.F >&5
configure:7370: $? = 0
configure:7374: test -z 
			 || test ! -s conftest.err
configure:7377: $? = 0
configure:7380: test -s conftest.o
configure:7383: $? = 0
configure:7396: result: yes
configure:7402: checking whether f95 accepts -g
configure:7414: f95 -c -g conftest.f >&5
configure:7420: $? = 0
configure:7424: test -z 
			 || test ! -s conftest.err
configure:7427: $? = 0
configure:7430: test -s conftest.o
configure:7433: $? = 0
configure:7445: result: yes
configure:7475: checking the maximum length of command line arguments
configure:7567: result: 32768
configure:7578: checking command to parse /usr/bin/nm -B output from gcc object
configure:7674: gcc -c  -D_REENTRANT -D_FILE_OFFSET_BITS=no  conftest.c >&5
configure:7677: $? = 0
configure:7681: /usr/bin/nm -B conftest.o \| sed -n -e 's/^.*[ 	]\([ABCDGIRSTW][ABCDGIRSTW]*\)[ 	][ 	]*\([_A-Za-z][_A-Za-z0-9]*\)$/\1 \2 \2/p' \> conftest.nm
configure:7684: $? = 0
configure:7736: gcc -o conftest  -D_REENTRANT -D_FILE_OFFSET_BITS=no   conftest.c conftstm.o >&5
configure:7739: $? = 0
configure:7777: result: ok
configure:7781: checking for objdir
configure:7796: result: .libs
configure:7886: checking for ar
configure:7902: found /usr/bin/ar
configure:7913: result: ar
configure:7966: checking for ranlib
configure:7982: found /usr/bin/ranlib
configure:7993: result: ranlib
configure:8046: checking for strip
configure:8062: found /usr/bin/strip
configure:8073: result: strip
configure:8360: checking if gcc static flag  works
configure:8388: result: yes
configure:8406: checking if gcc supports -fno-rtti -fno-exceptions
configure:8424: gcc -c  -D_REENTRANT -D_FILE_OFFSET_BITS=no  -fno-rtti -fno-exceptions conftest.c >&5
cc1: warning: command line option '-fno-rtti' is valid for C++/ObjC++ but not for C [enabled by default]
configure:8428: $? = 0
configure:8441: result: no
configure:8456: checking for gcc option to produce PIC
configure:8660: result: -fPIC
configure:8668: checking if gcc PIC flag -fPIC works
configure:8686: gcc -c  -D_REENTRANT -D_FILE_OFFSET_BITS=no  -fPIC -DPIC conftest.c >&5
configure:8690: $? = 0
configure:8703: result: yes
configure:8727: checking if gcc supports -c -o file.o
configure:8748: gcc -c  -D_REENTRANT -D_FILE_OFFSET_BITS=no  -o out/conftest2.o conftest.c >&5
configure:8752: $? = 0
configure:8774: result: yes
configure:8800: checking whether the gcc linker (/usr/bin/ld -m elf_x86_64) supports shared libraries
configure:9696: result: yes
configure:9722: checking whether -lc should be explicitly linked in
configure:9727: gcc -c  -D_REENTRANT -D_FILE_OFFSET_BITS=no  conftest.c >&5
configure:9730: $? = 0
configure:9744: gcc -shared conftest.o  -v -Wl,-soname -Wl,conftest -o conftest 2\>\&1 \| grep  -lc  \>/dev/null 2\>\&1
configure:9747: $? = 0
configure:9759: result: no
configure:9767: checking dynamic linker characteristics
configure:10321: result: GNU/Linux ld.so
configure:10325: checking how to hardcode library paths into programs
configure:10350: result: immediate
configure:10364: checking whether stripping libraries is possible
configure:10369: result: yes
configure:11199: checking if libtool supports shared libraries
configure:11201: result: yes
configure:11204: checking whether to build shared libraries
configure:11225: result: yes
configure:11228: checking whether to build static libraries
configure:11232: result: yes
configure:11324: creating libtool
configure:11902: checking for ld used by g++
configure:11969: result: /usr/bin/ld -m elf_x86_64
configure:11978: checking if the linker (/usr/bin/ld -m elf_x86_64) is GNU ld
configure:11993: result: yes
configure:12044: checking whether the g++ linker (/usr/bin/ld -m elf_x86_64) supports shared libraries
configure:12924: result: yes
configure:12942: g++ -c -g -O2  conftest.cpp >&5
configure:12945: $? = 0
configure:13055: checking for g++ option to produce PIC
configure:13323: result: -fPIC
configure:13331: checking if g++ PIC flag -fPIC works
configure:13349: g++ -c -g -O2  -fPIC -DPIC conftest.cpp >&5
configure:13353: $? = 0
configure:13366: result: yes
configure:13390: checking if g++ supports -c -o file.o
configure:13411: g++ -c -g -O2  -o out/conftest2.o conftest.cpp >&5
configure:13415: $? = 0
configure:13437: result: yes
configure:13463: checking whether the g++ linker (/usr/bin/ld -m elf_x86_64) supports shared libraries
configure:13488: result: yes
configure:13559: checking dynamic linker characteristics
configure:14113: result: GNU/Linux ld.so
configure:14117: checking how to hardcode library paths into programs
configure:14142: result: immediate
configure:14156: checking whether stripping libraries is possible
configure:14161: result: yes
configure:15497: checking if libtool supports shared libraries
configure:15499: result: yes
configure:15502: checking whether to build shared libraries
configure:15522: result: yes
configure:15525: checking whether to build static libraries
configure:15529: result: yes
configure:15541: checking for f95 option to produce PIC
configure:15745: result: -fPIC
configure:15753: checking if f95 PIC flag -fPIC works
configure:15771: f95 -c -g -O2 -fPIC conftest.f >&5
configure:15775: $? = 0
configure:15788: result: yes
configure:15812: checking if f95 supports -c -o file.o
configure:15833: f95 -c -g -O2 -o out/conftest2.o conftest.f >&5
configure:15837: $? = 0
configure:15859: result: yes
configure:15885: checking whether the f95 linker (/usr/bin/ld -m elf_x86_64) supports shared libraries
configure:16761: result: yes
configure:16832: checking dynamic linker characteristics
configure:17386: result: GNU/Linux ld.so
configure:17390: checking how to hardcode library paths into programs
configure:17415: result: immediate
configure:17429: checking whether stripping libraries is possible
configure:17434: result: yes
configure:21699: checking whether NLS is requested
configure:21708: result: yes
configure:21746: checking for msgfmt
configure:21777: result: /usr/bin/msgfmt
configure:21786: checking for gmsgfmt
configure:21817: result: /usr/bin/msgfmt
configure:21856: checking for xgettext
configure:21887: result: /usr/bin/xgettext
configure:21927: checking for msgmerge
configure:21957: result: /usr/bin/msgmerge
configure:22032: checking for ld used by GCC
configure:22096: result: /usr/bin/ld -m elf_x86_64
configure:22105: checking if the linker (/usr/bin/ld -m elf_x86_64) is GNU ld
configure:22118: result: yes
configure:22124: checking for shared library run path origin
configure:22137: result: done
configure:22553: checking whether NLS is requested
configure:22562: result: yes
configure:22580: checking for GNU gettext in libc
configure:22604: gcc -o conftest  -D_REENTRANT -D_FILE_OFFSET_BITS=no   conftest.c  >&5
conftest.c: In function 'main':
conftest.c:36:8: warning: cast from pointer to integer of different size [-Wpointer-to-int-cast]
 return (int) gettext ("") + _nl_msg_cat_cntr + *_nl_domain_bindings
        ^
configure:22610: $? = 0
configure:22614: test -z 
			 || test ! -s conftest.err
configure:22617: $? = 0
configure:22620: test -s conftest
configure:22623: $? = 0
configure:22635: result: yes
configure:23334: checking whether to use NLS
configure:23336: result: yes
configure:23339: checking where the gettext function comes from
configure:23350: result: libc
configure:23433: checking for dlopen in -ldl
configure:23463: gcc -o conftest  -D_REENTRANT -D_FILE_OFFSET_BITS=no -DLOCALEDIR="\"${prefix}/share/locale\"" -DLOCALEDIR="\"${prefix}/share/locale\""   conftest.c -ldl   >&5
configure:23469: $? = 0
configure:23473: test -z 
			 || test ! -s conftest.err
configure:23476: $? = 0
configure:23479: test -s conftest
configure:23482: $? = 0
configure:23495: result: yes
configure:23517: checking for uuid_generate in -luuid
configure:23547: gcc -o conftest  -D_REENTRANT -D_FILE_OFFSET_BITS=no -DLOCALEDIR="\"${prefix}/share/locale\"" -DLOCALEDIR="\"${prefix}/share/locale\""   conftest.c -luuid   >&5
configure:23553: $? = 0
configure:23557: test -z 
			 || test ! -s conftest.err
configure:23560: $? = 0
configure:23563: test -s conftest
configure:23566: $? = 0
configure:23579: result: yes
configure:23835: checking for library containing tgetent
configure:23865: gcc -o conftest  -D_REENTRANT -D_FILE_OFFSET_BITS=no -DLOCALEDIR="\"${prefix}/share/locale\"" -DLOCALEDIR="\"${prefix}/share/locale\""   conftest.c  >&5
/tmp/cccbuy0k.o: In function `main':
conftest.c:(.text+0xa): undefined reference to `tgetent'
collect2: error: ld returned 1 exit status
configure:23871: $? = 1
configure: failed program was:
| /* confdefs.h.  */
| 
| #define PACKAGE_NAME ""
| #define PACKAGE_TARNAME ""
| #define PACKAGE_VERSION ""
| #define PACKAGE_STRING ""
| #define PACKAGE_BUGREPORT ""
| #define PACKAGE "parted"
| #define VERSION "1.6.25.1"
| #define ENABLE_FS 1
| #define DEBUG 1
| #define ENABLE_PC98 1
| #define SIZEOF_OFF_T 8
| #define STDC_HEADERS 1
| #define HAVE_SYS_TYPES_H 1
| #define HAVE_SYS_STAT_H 1
| #define HAVE_STDLIB_H 1
| #define HAVE_STRING_H 1
| #define HAVE_MEMORY_H 1
| #define HAVE_STRINGS_H 1
| #define HAVE_INTTYPES_H 1
| #define HAVE_STDINT_H 1
| #define HAVE_UNISTD_H 1
| #define HAVE_DLFCN_H 1
| #ifdef __cplusplus
| extern "C" void exit (int) throw ();
| #endif
| #define ENABLE_NLS 1
| #define HAVE_GETTEXT 1
| #define HAVE_DCGETTEXT 1
| #define DYNAMIC_LOADING 1
| /* end confdefs.h.  */
| 
| /* Override any gcc2 internal prototype to avoid an error.  */
| #ifdef __cplusplus
| extern "C"
| #endif
| /* We use char because int might match the return type of a gcc2
|    builtin and then its argument prototype would still apply.  */
| char tgetent ();
| int
| main ()
| {
| tgetent ();
|   ;
|   return 0;
| }
configure:23920: gcc -o conftest  -D_REENTRANT -D_FILE_OFFSET_BITS=no -DLOCALEDIR="\"${prefix}/share/locale\"" -DLOCALEDIR="\"${prefix}/share/locale\""   conftest.c -lncurses   >&5
configure:23926: $? = 0
configure:23930: test -z 
			 || test ! -s conftest.err
configure:23933: $? = 0
configure:23936: test -s conftest
configure:23939: $? = 0
configure:23954: result: -lncurses
configure:23989: checking for readline in -lreadline
configure:24020: gcc -o conftest  -D_REENTRANT -D_FILE_OFFSET_BITS=no -DLOCALEDIR="\"${prefix}/share/locale\"" -DLOCALEDIR="\"${prefix}/share/locale\""   conftest.c -lreadline  -ldl -lncurses 
	   -ldl -lncurses  >&5
configure:24026: $? = 0
configure:24030: test -z 
			 || test ! -s conftest.err
configure:24033: $? = 0
configure:24036: test -s conftest
configure:24039: $? = 0
configure:24052: result: yes
configure:24342: checking uuid/uuid.h usability
configure:24354: gcc -c  -D_REENTRANT -D_FILE_OFFSET_BITS=no -DLOCALEDIR="\"${prefix}/share/locale\"" -DLOCALEDIR="\"${prefix}/share/locale\""  conftest.c >&5
configure:24360: $? = 0
configure:24364: test -z 
			 || test ! -s conftest.err
configure:24367: $? = 0
configure:24370: test -s conftest.o
configure:24373: $? = 0
configure:24383: result: yes
configure:24387: checking uuid/uuid.h presence
configure:24397: gcc -E  conftest.c
configure:24403: $? = 0
configure:24423: result: yes
configure:24458: checking for uuid/uuid.h
configure:24465: result: yes
configure:24505: checking getopt.h usability
configure:24517: gcc -c  -D_REENTRANT -D_FILE_OFFSET_BITS=no -DLOCALEDIR="\"${prefix}/share/locale\"" -DLOCALEDIR="\"${prefix}/share/locale\""  conftest.c >&5
configure:24523: $? = 0
configure:24527: test -z 
			 || test ! -s conftest.err
configure:24530: $? = 0
configure:24533: test -s conftest.o
configure:24536: $? = 0
configure:24546: result: yes
configure:24550: checking getopt.h presence
configure:24560: gcc -E  conftest.c
configure:24566: $? = 0
configure:24586: result: yes
configure:24621: checking for getopt.h
configure:24628: result: yes
configure:24653: checking linux/unistd.h usability
configure:24665: gcc -c  -D_REENTRANT -D_FILE_OFFSET_BITS=no -DLOCALEDIR="\"${prefix}/share/locale\"" -DLOCALEDIR="\"${prefix}/share/locale\""  conftest.c >&5
configure:24671: $? = 0
configure:24675: test -z 
			 || test ! -s conftest.err
configure:24678: $? = 0
configure:24681: test -s conftest.o
configure:24684: $? = 0
configure:24694: result: yes
configure:24698: checking linux/unistd.h presence
configure:24708: gcc -E  conftest.c
configure:24714: $? = 0
configure:24734: result: yes
configure:24769: checking for linux/unistd.h
configure:24776: result: yes
configure:24800: checking readline/readline.h usability
configure:24812: gcc -c  -D_REENTRANT -D_FILE_OFFSET_BITS=no -DLOCALEDIR="\"${prefix}/share/locale\"" -DLOCALEDIR="\"${prefix}/share/locale\""  conftest.c >&5
configure:24818: $? = 0
configure:24822: test -z 
			 || test ! -s conftest.err
configure:24825: $? = 0
configure:24828: test -s conftest.o
configure:24831: $? = 0
configure:24841: result: yes
configure:24845: checking readline/readline.h presence
configure:24855: gcc -E  conftest.c
configure:24861: $? = 0
configure:24881: result: yes
configure:24916: checking for readline/readline.h
configure:24923: result: yes
configure:24800: checking readline/history.h usability
configure:24812: gcc -c  -D_REENTRANT -D_FILE_OFFSET_BITS=no -DLOCALEDIR="\"${prefix}/share/locale\"" -DLOCALEDIR="\"${prefix}/share/locale\""  conftest.c >&5
configure:24818: $? = 0
configure:24822: test -z 
			 || test ! -s conftest.err
configure:24825: $? = 0
configure:24828: test -s conftest.o
configure:24831: $? = 0
configure:24841: result: yes
configure:24845: checking readline/history.h presence
configure:24855: gcc -E  conftest.c
configure:24861: $? = 0
configure:24881: result: yes
configure:24916: checking for readline/history.h
configure:24923: result: yes
configure:24972: checking termcap.h usability
configure:24984: gcc -c  -D_REENTRANT -D_FILE_OFFSET_BITS=no -DLOCALEDIR="\"${prefix}/share/locale\"" -DLOCALEDIR="\"${prefix}/share/locale\""  conftest.c >&5
configure:24990: $? = 0
configure:24994: test -z 
			 || test ! -s conftest.err
configure:24997: $? = 0
configure:25000: test -s conftest.o
configure:25003: $? = 0
configure:25013: result: yes
configure:25017: checking termcap.h presence
configure:25027: gcc -E  conftest.c
configure:25033: $? = 0
configure:25053: result: yes
configure:25088: checking for termcap.h
configure:25095: result: yes
configure:25124: checking wctype.h usability
configure:25136: gcc -c  -D_REENTRANT -D_FILE_OFFSET_BITS=no -DLOCALEDIR="\"${prefix}/share/locale\"" -DLOCALEDIR="\"${prefix}/share/locale\""  conftest.c >&5
configure:25142: $? = 0
configure:25146: test -z 
			 || test ! -s conftest.err
configure:25149: $? = 0
configure:25152: test -s conftest.o
configure:25155: $? = 0
configure:25165: result: yes
configure:25169: checking wctype.h presence
configure:25179: gcc -E  conftest.c
configure:25185: $? = 0
configure:25205: result: yes
configure:25240: checking for wctype.h
configure:25247: result: yes
configure:25278: checking whether byte ordering is bigendian
configure:25305: gcc -c  -D_REENTRANT -D_FILE_OFFSET_BITS=no -DLOCALEDIR="\"${prefix}/share/locale\"" -DLOCALEDIR="\"${prefix}/share/locale\""  conftest.c >&5
configure:25311: $? = 0
configure:25315: test -z 
			 || test ! -s conftest.err
configure:25318: $? = 0
configure:25321: test -s conftest.o
configure:25324: $? = 0
configure:25348: gcc -c  -D_REENTRANT -D_FILE_OFFSET_BITS=no -DLOCALEDIR="\"${prefix}/share/locale\"" -DLOCALEDIR="\"${prefix}/share/locale\""  conftest.c >&5
conftest.c: In function 'main':
conftest.c:46:2: error: unknown type name 'not'
  not big endian
  ^
conftest.c:46:10: error: expected '=', ',', ';', 'asm' or '__attribute__' before 'endian'
  not big endian
          ^
configure:25354: $? = 1
configure: failed program was:
| /* confdefs.h.  */
| 
| #define PACKAGE_NAME ""
| #define PACKAGE_TARNAME ""
| #define PACKAGE_VERSION ""
| #define PACKAGE_STRING ""
| #define PACKAGE_BUGREPORT ""
| #define PACKAGE "parted"
| #define VERSION "1.6.25.1"
| #define ENABLE_FS 1
| #define DEBUG 1
| #define ENABLE_PC98 1
| #define SIZEOF_OFF_T 8
| #define STDC_HEADERS 1
| #define HAVE_SYS_TYPES_H 1
| #define HAVE_SYS_STAT_H 1
| #define HAVE_STDLIB_H 1
| #define HAVE_STRING_H 1
| #define HAVE_MEMORY_H 1
| #define HAVE_STRINGS_H 1
| #define HAVE_INTTYPES_H 1
| #define HAVE_STDINT_H 1
| #define HAVE_UNISTD_H 1
| #define HAVE_DLFCN_H 1
| #ifdef __cplusplus
| extern "C" void exit (int) throw ();
| #endif
| #define ENABLE_NLS 1
| #define HAVE_GETTEXT 1
| #define HAVE_DCGETTEXT 1
| #define DYNAMIC_LOADING 1
| #define HAVE_LIBREADLINE 1
| #define HAVE_GETOPT_H 1
| #define HAVE_READLINE_READLINE_H 1
| #define HAVE_READLINE_HISTORY_H 1
| #define HAVE_TERMCAP_H 1
| #define HAVE_WCTYPE_H 1
| /* end confdefs.h.  */
| #include <sys/types.h>
| #include <sys/param.h>
| 
| int
| main ()
| {
| #if BYTE_ORDER != BIG_ENDIAN
|  not big endian
| #endif
| 
|   ;
|   return 0;
| }
configure:25489: result: no
configure:25516: checking for rl_completion_matches
configure:25573: gcc -o conftest  -D_REENTRANT -D_FILE_OFFSET_BITS=no -DLOCALEDIR="\"${prefix}/share/locale\"" -DLOCALEDIR="\"${prefix}/share/locale\""   conftest.c  -lreadline  -ldl -lncurses  -lreadline >&5
configure:25579: $? = 0
configure:25583: test -z 
			 || test ! -s conftest.err
configure:25586: $? = 0
configure:25589: test -s conftest
configure:25592: $? = 0
configure:25604: result: yes
configure:25623: checking for canonicalize_file_name
configure:25680: gcc -o conftest -D_GNU_SOURCE=1   conftest.c  >&5
configure:25686: $? = 0
configure:25690: test -z 
			 || test ! -s conftest.err
configure:25693: $? = 0
configure:25696: test -s conftest
configure:25699: $? = 0
configure:25711: result: yes
configure:25852: creating ./config.status

## ---------------------- ##
## Running config.status. ##
## ---------------------- ##

This file was extended by config.status, which was
generated by GNU Autoconf 2.59.  Invocation command line was

  CONFIG_FILES    = 
  CONFIG_HEADERS  = 
  CONFIG_LINKS    = 
  CONFIG_COMMANDS = 
  $ ./config.status 

on VM-8-14-centos

config.status:769: creating Makefile
config.status:769: creating include/Makefile
config.status:769: creating include/parted/Makefile
config.status:769: creating libparted/Makefile
config.status:769: creating libparted/fs_amiga/Makefile
config.status:769: creating libparted/fs_ext2/Makefile
config.status:769: creating libparted/fs_fat/Makefile
config.status:769: creating libparted/fs_hfs/Makefile
config.status:769: creating libparted/fs_jfs/Makefile
config.status:769: creating libparted/fs_linux_swap/Makefile
config.status:769: creating libparted/fs_ntfs/Makefile
config.status:769: creating libparted/fs_reiserfs/Makefile
config.status:769: creating libparted/fs_ufs/Makefile
config.status:769: creating libparted/fs_xfs/Makefile
config.status:769: creating m4/Makefile
config.status:769: creating parted/Makefile
config.status:769: creating partprobe/Makefile
config.status:769: creating doc/Makefile
config.status:769: creating debug/Makefile
config.status:769: creating debug/clearfat/Makefile
config.status:769: creating debug/test/Makefile
config.status:769: creating po/Makefile.in
config.status:769: creating parted.spec
config.status:873: creating config.h
config.status:1013: config.h is unchanged
config.status:1193: executing depfiles commands
config.status:1193: executing default-1 commands

## ---------------- ##
## Cache variables. ##
## ---------------- ##

ac_cv_build=x86_64-unknown-linux-gnu
ac_cv_build_alias=x86_64-unknown-linux-gnu
ac_cv_c_bigendian=no
ac_cv_c_compiler_gnu=yes
ac_cv_cxx_compiler_gnu=yes
ac_cv_env_CC_set=
ac_cv_env_CC_value=
ac_cv_env_CFLAGS_set=
ac_cv_env_CFLAGS_value=
ac_cv_env_CPPFLAGS_set=
ac_cv_env_CPPFLAGS_value=
ac_cv_env_CPP_set=
ac_cv_env_CPP_value=
ac_cv_env_CXXCPP_set=
ac_cv_env_CXXCPP_value=
ac_cv_env_CXXFLAGS_set=
ac_cv_env_CXXFLAGS_value=
ac_cv_env_CXX_set=
ac_cv_env_CXX_value=
ac_cv_env_F77_set=
ac_cv_env_F77_value=
ac_cv_env_FFLAGS_set=
ac_cv_env_FFLAGS_value=
ac_cv_env_LDFLAGS_set=
ac_cv_env_LDFLAGS_value=
ac_cv_env_build_alias_set=
ac_cv_env_build_alias_value=
ac_cv_env_host_alias_set=
ac_cv_env_host_alias_value=
ac_cv_env_target_alias_set=
ac_cv_env_target_alias_value=
ac_cv_exeext=
ac_cv_f77_compiler_gnu=yes
ac_cv_func_canonicalize_file_name=yes
ac_cv_func_rl_completion_matches=yes
ac_cv_header_dlfcn_h=yes
ac_cv_header_getopt_h=yes
ac_cv_header_inttypes_h=yes
ac_cv_header_linux_unistd_h=yes
ac_cv_header_memory_h=yes
ac_cv_header_readline_history_h=yes
ac_cv_header_readline_readline_h=yes
ac_cv_header_stdc=yes
ac_cv_header_stdint_h=yes
ac_cv_header_stdlib_h=yes
ac_cv_header_string_h=yes
ac_cv_header_strings_h=yes
ac_cv_header_sys_stat_h=yes
ac_cv_header_sys_types_h=yes
ac_cv_header_termcap_h=yes
ac_cv_header_unistd_h=yes
ac_cv_header_uuid_uuid_h=yes
ac_cv_header_wctype_h=yes
ac_cv_host=x86_64-unknown-linux-gnu
ac_cv_host_alias=x86_64-unknown-linux-gnu
ac_cv_lib_dl_dlopen=yes
ac_cv_lib_readline_readline=yes
ac_cv_lib_uuid_uuid_generate=yes
ac_cv_objext=o
ac_cv_path_GMSGFMT=/usr/bin/msgfmt
ac_cv_path_MSGFMT=/usr/bin/msgfmt
ac_cv_path_MSGMERGE=/usr/bin/msgmerge
ac_cv_path_XGETTEXT=/usr/bin/xgettext
ac_cv_path_install='/usr/bin/install -c'
ac_cv_prog_AWK=gawk
ac_cv_prog_CPP='gcc -E'
ac_cv_prog_CXXCPP='g++ -E'
ac_cv_prog_ac_ct_AR=ar
ac_cv_prog_ac_ct_CC=gcc
ac_cv_prog_ac_ct_CXX=g++
ac_cv_prog_ac_ct_F77=f95
ac_cv_prog_ac_ct_RANLIB=ranlib
ac_cv_prog_ac_ct_STRIP=strip
ac_cv_prog_cc_g=yes
ac_cv_prog_cc_stdc=
ac_cv_prog_cxx_g=yes
ac_cv_prog_egrep='grep -E'
ac_cv_prog_f77_g=yes
ac_cv_prog_gcc_traditional=no
ac_cv_prog_make_make_set=yes
ac_cv_search_strerror='none required'
ac_cv_search_tgetent=-lncurses
ac_cv_sizeof_off_t=8
ac_cv_sys_file_offset_bits=no
ac_cv_sys_large_files=no
ac_cv_sys_largefile_CC=no
ac_cv_type_off_t=yes
acl_cv_hardcode_direct=no
acl_cv_hardcode_libdir_flag_spec='${wl}-rpath ${wl}$libdir'
acl_cv_hardcode_libdir_separator=
acl_cv_hardcode_minus_L=no
acl_cv_libext=a
acl_cv_path_LD='/usr/bin/ld -m elf_x86_64'
acl_cv_prog_gnu_ld=yes
acl_cv_rpath=done
acl_cv_shlibext=so
acl_cv_wl=-Wl,
am_cv_CC_dependencies_compiler_type=gcc3
am_cv_CXX_dependencies_compiler_type=gcc3
gt_cv_func_gnugettext1_libc=yes
lt_cv_deplibs_check_method=pass_all
lt_cv_file_magic_cmd='$MAGIC_CMD'
lt_cv_file_magic_test_file=
lt_cv_ld_reload_flag=-r
lt_cv_objdir=.libs
lt_cv_path_LD=/usr/bin/ld
lt_cv_path_LDCXX='/usr/bin/ld -m elf_x86_64'
lt_cv_path_NM='/usr/bin/nm -B'
lt_cv_path_SED=/usr/bin/sed
lt_cv_prog_compiler_c_o=yes
lt_cv_prog_compiler_c_o_CXX=yes
lt_cv_prog_compiler_c_o_F77=yes
lt_cv_prog_compiler_rtti_exceptions=no
lt_cv_prog_gnu_ld=yes
lt_cv_prog_gnu_ldcxx=yes
lt_cv_sys_global_symbol_pipe='sed -n -e '\''s/^.*[ 	]\([ABCDGIRSTW][ABCDGIRSTW]*\)[ 	][ 	]*\([_A-Za-z][_A-Za-z0-9]*\)$/\1 \2 \2/p'\'''
lt_cv_sys_global_symbol_to_c_name_address='sed -n -e '\''s/^: \([^ ]*\) $/  {\"\1\", (lt_ptr) 0},/p'\'' -e '\''s/^[BCDEGRST] \([^ ]*\) \([^ ]*\)$/  {"\2", (lt_ptr) \&\2},/p'\'''
lt_cv_sys_global_symbol_to_cdecl='sed -n -e '\''s/^. .* \(.*\)$/extern int \1;/p'\'''
lt_cv_sys_max_cmd_len=32768
lt_lt_cv_prog_compiler_c_o='"yes"'
lt_lt_cv_prog_compiler_c_o_CXX='"yes"'
lt_lt_cv_prog_compiler_c_o_F77='"yes"'
lt_lt_cv_sys_global_symbol_pipe='"sed -n -e '\''s/^.*[ 	]\\([ABCDGIRSTW][ABCDGIRSTW]*\\)[ 	][ 	]*\\([_A-Za-z][_A-Za-z0-9]*\\)\$/\\1 \\2 \\2/p'\''"'
lt_lt_cv_sys_global_symbol_to_c_name_address='"sed -n -e '\''s/^: \\([^ ]*\\) \$/  {\\\"\\1\\\", (lt_ptr) 0},/p'\'' -e '\''s/^[BCDEGRST] \\([^ ]*\\) \\([^ ]*\\)\$/  {\"\\2\", (lt_ptr) \\&\\2},/p'\''"'
lt_lt_cv_sys_global_symbol_to_cdecl='"sed -n -e '\''s/^. .* \\(.*\\)\$/extern int \\1;/p'\''"'

## ----------------- ##
## Output variables. ##
## ----------------- ##

ACLOCAL='${SHELL} /root/company/parted-1.6.25.1/missing --run aclocal-1.9'
AMDEPBACKSLASH='\'
AMDEP_FALSE='#'
AMDEP_TRUE=''
AMTAR='${SHELL} /root/company/parted-1.6.25.1/missing --run tar'
AR='ar'
AUTOCONF='${SHELL} /root/company/parted-1.6.25.1/missing --run autoconf'
AUTOHEADER='${SHELL} /root/company/parted-1.6.25.1/missing --run autoheader'
AUTOMAKE='${SHELL} /root/company/parted-1.6.25.1/missing --run automake-1.9'
AWK='gawk'
CC='gcc'
CCDEPMODE='depmode=gcc3'
CFLAGS=' -D_REENTRANT -D_FILE_OFFSET_BITS=no -DLOCALEDIR="\"${prefix}/share/locale\"" -DLOCALEDIR="\"${prefix}/share/locale\"" -W -Wall -Wno-unused -Wno-switch -Wno-format -Werror'
CPP='gcc -E'
CPPFLAGS=''
CXX='g++'
CXXCPP='g++ -E'
CXXDEPMODE='depmode=gcc3'
CXXFLAGS='-g -O2'
CYGPATH_W='echo'
DEFS='-DHAVE_CONFIG_H'
DEPDIR='.deps'
ECHO='echo'
ECHO_C=''
ECHO_N='-n'
ECHO_T=''
EGREP='grep -E'
EXEEXT=''
F77='f95'
FFLAGS='-g -O2'
GMSGFMT='/usr/bin/msgfmt'
INSTALL_DATA='${INSTALL} -m 644'
INSTALL_PROGRAM='${INSTALL}'
INSTALL_SCRIPT='${INSTALL}'
INSTALL_STRIP_PROGRAM='${SHELL} $(install_sh) -c -s'
INTLINCS=''
INTLLIBS=''
LDFLAGS=''
LIBICONV='-liconv'
LIBINTL=''
LIBOBJS=''
LIBS=''
LIBTOOL='$(SHELL) $(top_builddir)/libtool'
LN_S='ln -s'
LTLIBICONV='-liconv'
LTLIBINTL=''
LTLIBOBJS=''
LT_AGE='11'
LT_CURRENT='24'
LT_RELEASE='1.6'
LT_REVISION='1'
MAKEINFO='${SHELL} /root/company/parted-1.6.25.1/missing --run makeinfo'
MKINSTALLDIRS='$(top_builddir)/./mkinstalldirs'
MSGFMT='/usr/bin/msgfmt'
MSGMERGE='/usr/bin/msgmerge'
OBJEXT='o'
OS='linux'
OS_LIBS=''
PACKAGE='parted'
PACKAGE_BUGREPORT=''
PACKAGE_NAME=''
PACKAGE_STRING=''
PACKAGE_TARNAME=''
PACKAGE_VERSION=''
PARTEDLDFLAGS=''
PARTED_END_STATIC=''
PARTED_LIBS='-lreadline  -ldl -lncurses '
PARTED_START_STATIC=''
PATH_SEPARATOR=':'
POSUB='po'
RANLIB='ranlib'
REISER_LIBS=''
SET_MAKE=''
SHELL='/bin/sh'
STRIP='strip'
USE_NLS='yes'
UUID_LIBS='-luuid'
VERSION='1.6.25.1'
XGETTEXT='/usr/bin/xgettext'
ac_ct_AR='ar'
ac_ct_CC='gcc'
ac_ct_CXX='g++'
ac_ct_F77='f95'
ac_ct_RANLIB='ranlib'
ac_ct_STRIP='strip'
am__fastdepCC_FALSE='#'
am__fastdepCC_TRUE=''
am__fastdepCXX_FALSE='#'
am__fastdepCXX_TRUE=''
am__include='include'
am__leading_dot='.'
am__quote=''
am__tar='${AMTAR} chof - "$$tardir"'
am__untar='${AMTAR} xf -'
bindir='${exec_prefix}/bin'
build='x86_64-unknown-linux-gnu'
build_alias=''
build_cpu='x86_64'
build_os='linux-gnu'
build_vendor='unknown'
datadir='${prefix}/share'
exec_prefix='${prefix}'
host='x86_64-unknown-linux-gnu'
host_alias=''
host_cpu='x86_64'
host_os='linux-gnu'
host_vendor='unknown'
includedir='${prefix}/include'
infodir='${prefix}/info'
install_sh='/root/company/parted-1.6.25.1/install-sh'
libdir='${exec_prefix}/lib'
libexecdir='${exec_prefix}/libexec'
localstatedir='${prefix}/var'
mandir='${prefix}/man'
mkdir_p='mkdir -p --'
oldincludedir='/usr/include'
prefix='/usr/local'
program_transform_name='s,x,x,'
sbindir='${exec_prefix}/sbin'
sharedstatedir='${prefix}/com'
sysconfdir='${prefix}/etc'
target_alias=''

## ----------- ##
## confdefs.h. ##
## ----------- ##

#define DEBUG 1
#define DYNAMIC_LOADING 1
#define ENABLE_FS 1
#define ENABLE_NLS 1
#define ENABLE_PC98 1
#define HAVE_CANONICALIZE_FILE_NAME 1
#define HAVE_DCGETTEXT 1
#define HAVE_DLFCN_H 1
#define HAVE_GETOPT_H 1
#define HAVE_GETTEXT 1
#define HAVE_INTTYPES_H 1
#define HAVE_LIBREADLINE 1
#define HAVE_MEMORY_H 1
#define HAVE_READLINE_HISTORY_H 1
#define HAVE_READLINE_READLINE_H 1
#define HAVE_RL_COMPLETION_MATCHES 1
#define HAVE_STDINT_H 1
#define HAVE_STDLIB_H 1
#define HAVE_STRINGS_H 1
#define HAVE_STRING_H 1
#define HAVE_SYS_STAT_H 1
#define HAVE_SYS_TYPES_H 1
#define HAVE_TERMCAP_H 1
#define HAVE_UNISTD_H 1
#define HAVE_WCTYPE_H 1
#define PACKAGE "parted"
#define PACKAGE_BUGREPORT ""
#define PACKAGE_NAME ""
#define PACKAGE_STRING ""
#define PACKAGE_TARNAME ""
#define PACKAGE_VERSION ""
#define SIZEOF_OFF_T 8
#define STDC_HEADERS 1
#define VERSION "1.6.25.1"
#endif
#ifdef __cplusplus
extern "C" void exit (int) throw ();

configure: exit 0
